2024-12-02 16:25:02,292 - INFO - Starting the panel update process.
2024-12-02 16:25:10,099 - INFO - Fetched 302 panels from PanelApp API.
2024-12-02 16:25:10,121 - INFO - 0 updates made.
2024-12-02 16:25:10,121 - INFO - Completed the panel update process.

2024-12-02 16:26:01,489 - INFO - Starting the panel update process.
2024-12-02 16:26:08,764 - INFO - Fetched 302 panels from PanelApp API.
2024-12-02 16:26:08,782 - INFO - 0 updates made.
2024-12-02 16:26:08,783 - INFO - Completed the panel update process.

2024-12-02 16:30:02,350 - INFO - Starting the panel update process.
2024-12-02 16:30:08,962 - INFO - Fetched 302 panels from PanelApp API.
2024-12-02 16:30:08,982 - INFO - 0 updates made.
2024-12-02 16:30:08,982 - INFO - Completed the panel update process.

2024-12-02 16:36:01 - INFO - Starting the panel update process.
2024-12-02 16:36:01,718 - INFO - Starting the panel update process.
2024-12-02 16:36:08 - INFO - Fetched 302 panels from PanelApp API.
2024-12-02 16:36:08,075 - INFO - Fetched 302 panels from PanelApp API.
2024-12-02 16:36:08 - INFO - 0 updates made.
2024-12-02 16:36:08,099 - INFO - 0 updates made.
2024-12-02 16:36:08 - INFO - Completed the panel update process.

2024-12-02 16:36:08,100 - INFO - Completed the panel update process.

2024-12-02 17:05:02 - INFO - Starting the panel update process.
2024-12-02 17:05:08 - INFO - Fetched 302 panels from PanelApp API.
2024-12-02 17:05:08 - INFO - 0 updates made.
2024-12-02 17:05:08 - INFO - Completed the panel update process.

2024-12-02 17:06:01 - INFO - Starting the panel update process.
2024-12-02 17:06:10 - INFO - Fetched 302 panels from PanelApp API.
2024-12-02 17:06:10 - INFO - 0 updates made.
2024-12-02 17:06:10 - INFO - Completed the panel update process.

2024-12-03 14:27:02 - INFO - Starting the panel update process.
2024-12-03 14:27:08 - INFO - Fetched 302 panels from PanelApp API.
2024-12-03 14:27:08 - INFO - 0 updates made.
2024-12-03 14:27:08 - INFO - Completed the panel update process.

2024-12-03 14:28:01 - INFO - Starting the panel update process.
2024-12-03 14:28:07 - INFO - Fetched 302 panels from PanelApp API.
2024-12-03 14:28:07 - INFO - 0 updates made.
2024-12-03 14:28:07 - INFO - Completed the panel update process.

2024-12-13 13:34:01 - INFO - Starting the panel update process.
2024-12-13 13:34:07 - INFO - Fetched 302 panels from PanelApp API.
2024-12-13 13:34:07 - INFO - 0 updates made.
2024-12-13 13:34:07 - INFO - Completed the panel update process.

