2024-11-27 12:04:37 - INFO - Starting the panel update process.
2024-11-27 12:04:43 - INFO - Fetched 302 panel versions...
2024-11-27 12:04:43 - INFO - Updated panel 474 from version 6.0 to version 7.0.
2024-11-27 12:04:43 - INFO - IDs in the table but not in the dictionary: {481, 1219, 1224, 1355, 473, 1339}
2024-11-27 12:04:43 - INFO - Completed the panel update process.

2024-11-27 12:16:20 - INFO - Starting the panel update process.
2024-11-27 12:16:26 - INFO - Fetched 302 panel versions.
2024-11-27 12:16:26 - INFO - 0 updates made.
2024-11-27 12:16:26 - INFO - IDs in the table but not in the dictionary: {481, 1219, 1224, 1355, 473, 1339}
2024-11-27 12:16:26 - INFO - Completed the panel update process.

2024-11-27 15:17:34 - INFO - Starting the panel update process.
2024-11-27 15:17:41 - INFO - Fetched 302 panel versions.
2024-11-27 15:17:41 - INFO - 0 updates made.
2024-11-27 15:17:41 - INFO - No IDs are missing from the dictionary.
2024-11-27 15:17:41 - INFO - Completed the panel update process.

2024-11-27 15:39:21 - INFO - Starting the panel update process.
2024-11-27 15:39:26 - INFO - Fetched 302 panel versions.
2024-11-27 15:39:26 - INFO - Updated panel 3 from version 0.5 to version 4.0.
2024-11-27 15:39:26 - INFO - Updated panel 9 from version 0.5 to version 4.5.
2024-11-27 15:39:26 - INFO - Updated panel 13 from version 0.5 to version 3.11.
2024-11-27 15:39:26 - INFO - Updated panel 25 from version 0.5 to version 6.7.
2024-11-27 15:39:26 - INFO - Updated panel 31 from version 0.5 to version 2.2.
2024-11-27 15:39:26 - INFO - Updated panel 49 from version 0.5 to version 4.16.
2024-11-27 15:39:26 - INFO - Updated panel 53 from version 0.5 to version 3.0.
2024-11-27 15:39:26 - INFO - Updated panel 55 from version 0.5 to version 2.0.
2024-11-27 15:39:26 - INFO - Updated panel 59 from version 0.5 to version 4.0.
2024-11-27 15:39:26 - INFO - Updated panel 65 from version 0.5 to version 3.0.
2024-11-27 15:39:26 - INFO - Updated panel 66 from version 0.5 to version 5.1.
2024-11-27 15:39:26 - INFO - Updated panel 76 from version 0.5 to version 3.9.
2024-11-27 15:39:26 - INFO - Updated panel 77 from version 0.5 to version 3.0.
2024-11-27 15:39:26 - INFO - Updated panel 78 from version 0.5 to version 5.1.
2024-11-27 15:39:26 - INFO - Updated panel 79 from version 0.5 to version 3.8.
2024-11-27 15:39:26 - INFO - Updated panel 81 from version 0.5 to version 6.3.
2024-11-27 15:39:26 - INFO - Updated panel 83 from version 0.5 to version 3.4.
2024-11-27 15:39:26 - INFO - Updated panel 96 from version 0.5 to version 7.0.
2024-11-27 15:39:26 - INFO - Updated panel 98 from version 0.5 to version 3.3.
2024-11-27 15:39:26 - INFO - Updated panel 99 from version 0.5 to version 2.14.
2024-11-27 15:39:26 - INFO - Updated panel 105 from version 0.5 to version 3.0.
2024-11-27 15:39:26 - INFO - Updated panel 106 from version 0.5 to version 4.15.
2024-11-27 15:39:26 - INFO - Updated panel 112 from version 0.5 to version 8.0.
2024-11-27 15:39:26 - INFO - Updated panel 117 from version 0.5 to version 2.0.
2024-11-27 15:39:26 - INFO - Updated panel 123 from version 0.5 to version 3.0.
2024-11-27 15:39:26 - INFO - Updated panel 126 from version 0.5 to version 4.57.
2024-11-27 15:39:26 - INFO - Updated panel 130 from version 0.5 to version 4.0.
2024-11-27 15:39:26 - INFO - Updated panel 134 from version 0.5 to version 3.12.
2024-11-27 15:39:26 - INFO - Updated panel 139 from version 0.5 to version 3.4.
2024-11-27 15:39:26 - INFO - Updated panel 143 from version 0.5 to version 4.0.
2024-11-27 15:39:26 - INFO - Updated panel 145 from version 0.5 to version 3.0.
2024-11-27 15:39:26 - INFO - Updated panel 147 from version 0.5 to version 3.0.
2024-11-27 15:39:26 - INFO - Updated panel 149 from version 0.5 to version 4.16.
2024-11-27 15:39:26 - INFO - Updated panel 157 from version 0.5 to version 2.0.
2024-11-27 15:39:26 - INFO - Updated panel 162 from version 0.5 to version 7.0.
2024-11-27 15:39:26 - INFO - Updated panel 166 from version 0.5 to version 1.0.
2024-11-27 15:39:26 - INFO - Updated panel 168 from version 0.5 to version 5.0.
2024-11-27 15:39:26 - INFO - Updated panel 179 from version 0.5 to version 5.0.
2024-11-27 15:39:26 - INFO - Updated panel 185 from version 0.5 to version 4.37.
2024-11-27 15:39:26 - INFO - Updated panel 186 from version 0.5 to version 4.0.
2024-11-27 15:39:26 - INFO - Updated panel 193 from version 0.5 to version 3.0.
2024-11-27 15:39:26 - INFO - Updated panel 196 from version 0.5 to version 4.0.
2024-11-27 15:39:26 - INFO - Updated panel 207 from version 0.5 to version 5.0.
2024-11-27 15:39:26 - INFO - Updated panel 214 from version 0.5 to version 5.0.
2024-11-27 15:39:26 - INFO - Updated panel 224 from version 0.5 to version 3.13.
2024-11-27 15:39:26 - INFO - Updated panel 225 from version 0.5 to version 5.0.
2024-11-27 15:39:26 - INFO - Updated panel 230 from version 0.5 to version 6.0.
2024-11-27 15:39:26 - INFO - Updated panel 232 from version 0.5 to version 4.8.
2024-11-27 15:39:26 - INFO - Updated panel 235 from version 0.5 to version 6.0.
2024-11-27 15:39:26 - INFO - Updated panel 236 from version 0.5 to version 3.0.
2024-11-27 15:39:26 - INFO - Updated panel 243 from version 0.5 to version 4.0.
2024-11-27 15:39:26 - INFO - Updated panel 245 from version 0.5 to version 2.2.
2024-11-27 15:39:26 - INFO - Updated panel 258 from version 0.5 to version 8.0.
2024-11-27 15:39:26 - INFO - Updated panel 269 from version 0.5 to version 3.0.
2024-11-27 15:39:26 - INFO - Updated panel 283 from version 0.5 to version 7.0.
2024-11-27 15:39:26 - INFO - Updated panel 285 from version 0.5 to version 8.0.
2024-11-27 15:39:26 - INFO - Updated panel 292 from version 0.5 to version 4.18.
2024-11-27 15:39:26 - INFO - Updated panel 293 from version 0.5 to version 5.0.
2024-11-27 15:39:26 - INFO - No IDs are missing from the dictionary.
2024-11-27 15:39:26 - INFO - Completed the panel update process.

2024-11-29 12:19:56 - INFO - Starting the panel update process.
2024-11-29 12:20:02 - INFO - Fetched 302 panel versions.
2024-11-29 12:20:02 - INFO - Updated panel 3 from version 0.5 to version 4.0.
2024-11-29 12:20:02 - INFO - Updated panel 9 from version 0.5 to version 4.5.
2024-11-29 12:20:02 - INFO - Updated panel 13 from version 0.5 to version 3.11.
2024-11-29 12:20:02 - INFO - Updated panel 25 from version 0.5 to version 6.7.
2024-11-29 12:20:02 - INFO - Updated panel 31 from version 0.5 to version 2.2.
2024-11-29 12:20:02 - INFO - Updated panel 49 from version 0.5 to version 4.16.
2024-11-29 12:20:02 - INFO - Updated panel 53 from version 0.5 to version 3.0.
2024-11-29 12:20:02 - INFO - Updated panel 55 from version 0.5 to version 2.0.
2024-11-29 12:20:02 - INFO - Updated panel 59 from version 0.5 to version 4.0.
2024-11-29 12:20:02 - INFO - Updated panel 65 from version 0.5 to version 3.0.
2024-11-29 12:20:02 - INFO - Updated panel 66 from version 0.5 to version 5.1.
2024-11-29 12:20:02 - INFO - Updated panel 76 from version 0.5 to version 3.9.
2024-11-29 12:20:02 - INFO - Updated panel 77 from version 0.5 to version 3.0.
2024-11-29 12:20:02 - INFO - Updated panel 78 from version 0.5 to version 5.1.
2024-11-29 12:20:02 - INFO - Updated panel 79 from version 0.5 to version 3.8.
2024-11-29 12:20:02 - INFO - Updated panel 81 from version 0.5 to version 6.3.
2024-11-29 12:20:02 - INFO - Updated panel 83 from version 0.5 to version 3.4.
2024-11-29 12:20:02 - INFO - Updated panel 96 from version 0.5 to version 7.0.
2024-11-29 12:20:02 - INFO - Updated panel 98 from version 0.5 to version 3.3.
2024-11-29 12:20:02 - INFO - Updated panel 99 from version 0.5 to version 2.14.
2024-11-29 12:20:02 - INFO - Updated panel 105 from version 0.5 to version 3.0.
2024-11-29 12:20:02 - INFO - Updated panel 106 from version 0.5 to version 4.15.
2024-11-29 12:20:02 - INFO - Updated panel 112 from version 0.5 to version 8.0.
2024-11-29 12:20:02 - INFO - Updated panel 117 from version 0.5 to version 2.0.
2024-11-29 12:20:02 - INFO - Updated panel 123 from version 0.5 to version 3.0.
2024-11-29 12:20:02 - INFO - Updated panel 126 from version 0.5 to version 4.57.
2024-11-29 12:20:02 - INFO - Updated panel 130 from version 0.5 to version 4.0.
2024-11-29 12:20:02 - INFO - Updated panel 134 from version 0.5 to version 3.12.
2024-11-29 12:20:02 - INFO - Updated panel 139 from version 0.5 to version 3.4.
2024-11-29 12:20:02 - INFO - Updated panel 143 from version 0.5 to version 4.0.
2024-11-29 12:20:02 - INFO - Updated panel 145 from version 0.5 to version 3.0.
2024-11-29 12:20:02 - INFO - Updated panel 147 from version 0.5 to version 3.0.
2024-11-29 12:20:02 - INFO - Updated panel 149 from version 0.5 to version 4.16.
2024-11-29 12:20:02 - INFO - Updated panel 157 from version 0.5 to version 2.0.
2024-11-29 12:20:02 - INFO - Updated panel 162 from version 0.5 to version 7.0.
2024-11-29 12:20:02 - INFO - Updated panel 166 from version 0.5 to version 1.0.
2024-11-29 12:20:02 - INFO - Updated panel 168 from version 0.5 to version 5.0.
2024-11-29 12:20:02 - INFO - Updated panel 179 from version 0.5 to version 5.0.
2024-11-29 12:20:02 - INFO - Updated panel 185 from version 0.5 to version 4.37.
2024-11-29 12:20:02 - INFO - Updated panel 186 from version 0.5 to version 4.0.
2024-11-29 12:20:02 - INFO - Updated panel 193 from version 0.5 to version 3.0.
2024-11-29 12:20:02 - INFO - Updated panel 196 from version 0.5 to version 4.0.
2024-11-29 12:20:02 - INFO - Updated panel 207 from version 0.5 to version 5.0.
2024-11-29 12:20:02 - INFO - Updated panel 214 from version 0.5 to version 5.0.
2024-11-29 12:20:02 - INFO - Updated panel 224 from version 0.5 to version 3.13.
2024-11-29 12:20:02 - INFO - Updated panel 225 from version 0.5 to version 5.0.
2024-11-29 12:20:02 - INFO - Updated panel 230 from version 0.5 to version 6.0.
2024-11-29 12:20:02 - INFO - Updated panel 232 from version 0.5 to version 4.8.
2024-11-29 12:20:02 - INFO - Updated panel 235 from version 0.5 to version 6.0.
2024-11-29 12:20:02 - INFO - Updated panel 236 from version 0.5 to version 3.0.
2024-11-29 12:20:02 - INFO - Updated panel 243 from version 0.5 to version 4.0.
2024-11-29 12:20:02 - INFO - Updated panel 245 from version 0.5 to version 2.2.
2024-11-29 12:20:02 - INFO - Updated panel 258 from version 0.5 to version 8.0.
2024-11-29 12:20:02 - INFO - Updated panel 269 from version 0.5 to version 3.0.
2024-11-29 12:20:02 - INFO - Updated panel 283 from version 0.5 to version 7.0.
2024-11-29 12:20:02 - INFO - Updated panel 285 from version 0.5 to version 8.0.
2024-11-29 12:20:02 - INFO - Updated panel 292 from version 0.5 to version 4.18.
2024-11-29 12:20:02 - INFO - Updated panel 293 from version 0.5 to version 5.0.
2024-11-29 12:20:02 - INFO - No IDs are missing from the dictionary.
2024-11-29 12:20:02 - INFO - Completed the panel update process.

2024-11-29 13:29:34 - INFO - Starting the panel update process.
2024-11-29 13:29:40 - INFO - Fetched 302 panel versions.
2024-11-29 13:29:40 - INFO - Updated panel 3 from version 0.5 to version 4.0.
2024-11-29 13:29:40 - INFO - No IDs are missing from the dictionary.
2024-11-29 13:29:40 - INFO - Completed the panel update process.

2024-11-29 16:44:53 - INFO - Starting the panel update process.
2024-11-29 16:44:58 - INFO - Fetched 302 panel versions.
2024-11-29 16:44:58 - INFO - 0 updates made.
2024-11-29 16:44:58 - INFO - No IDs are missing from the dictionary.
2024-11-29 16:44:58 - INFO - Completed the panel update process.

2024-11-29 16:46:03 - INFO - Starting the panel update process.
2024-11-29 16:46:09 - INFO - Fetched 302 panel versions.
2024-11-29 16:46:09 - INFO - Updated panel 3 from version 2.0 to version 4.0.
2024-11-29 16:46:09 - INFO - No IDs are missing from the dictionary.
2024-11-29 16:46:09 - INFO - Completed the panel update process.

2024-12-01 13:48:02 - INFO - Starting the panel update process.
2024-12-01 13:48:07 - INFO - Fetched 302 panel versions.
2024-12-01 13:48:07 - ERROR - Error fetching latest genes from API: Invalid URL 'None': No scheme supplied. Perhaps you meant https://None?
2024-12-01 13:48:07 - INFO - 0 updates made.
2024-12-01 13:48:07 - INFO - No IDs are missing from the dictionary.
2024-12-01 13:48:07 - INFO - Completed the panel update process.

2024-12-01 13:49:57 - INFO - Starting the panel update process.
2024-12-01 13:50:03 - INFO - Fetched 302 panel versions.
2024-12-01 13:51:00 - ERROR - Error fetching latest genes from API: ('Connection aborted.', ConnectionResetError(54, 'Connection reset by peer'))
2024-12-01 13:51:00 - INFO - 0 updates made.
2024-12-01 13:51:00 - INFO - No IDs are missing from the dictionary.
2024-12-01 13:51:00 - INFO - Completed the panel update process.

2024-12-01 14:01:14 - INFO - Starting the panel update process.
2024-12-01 14:01:19 - INFO - Fetched 302 panel versions.
2024-12-01 14:02:20 - INFO - 0 updates made.
2024-12-01 14:02:20 - INFO - No IDs are missing from the dictionary.
2024-12-01 14:02:20 - INFO - Completed the panel update process.

2024-12-01 14:46:47 - INFO - Starting the panel update process.
2024-12-01 14:46:52 - INFO - Fetched 302 panel versions.
2024-12-01 14:47:49 - INFO - 0 updates made.
2024-12-01 14:47:49 - INFO - No IDs are missing from the dictionary.
2024-12-01 14:47:49 - INFO - Completed the panel update process.

2024-12-01 15:06:58 - INFO - Starting the panel update process.
2024-12-01 15:07:04 - INFO - Fetched 302 panel versions.
2024-12-01 15:08:00 - INFO - Starting the panel update process.
2024-12-01 15:08:02 - INFO - Fetched 302 panel versions.
2024-12-01 15:08:02 - INFO - 0 updates made.
2024-12-01 15:08:02 - INFO - No IDs are missing from the dictionary.
2024-12-01 15:08:02 - INFO - Completed the panel update process.

2024-12-01 15:08:21 - INFO - Starting the panel update process.
2024-12-01 15:08:26 - INFO - Fetched 302 panel versions.
2024-12-01 15:08:26 - INFO - Updated panel 3 from version 2.0 to version 4.0.
2024-12-01 15:08:27 - INFO - No IDs are missing from the dictionary.
2024-12-01 15:08:27 - INFO - Completed the panel update process.

2024-12-01 15:48:38 - INFO - Starting the panel update process.
2024-12-01 15:48:43 - INFO - Fetched 302 panel versions.
2024-12-01 15:48:43 - INFO - 0 updates made.
2024-12-01 15:48:43 - INFO - No IDs are missing from the dictionary.
2024-12-01 15:48:43 - INFO - Completed the panel update process.

2024-12-01 15:53:12 - INFO - Starting the panel update process.
2024-12-01 15:53:17 - INFO - Fetched 302 panel versions.
2024-12-01 15:53:17 - INFO - Updated panel 3 from version 2.0 to version 4.0.
2024-12-01 15:53:17 - INFO - No IDs are missing from the dictionary.
2024-12-01 15:53:17 - INFO - Completed the panel update process.

2024-12-01 18:09:54 - INFO - Starting the panel update process.
2024-12-01 18:10:00 - INFO - Fetched 302 panels from PanelApp API.
2024-12-01 18:10:00 - INFO - Updated panel 3 from version 2.56 to version 4.0.
2024-12-01 18:11:01 - INFO - Starting the panel update process.
2024-12-01 18:11:07 - INFO - Fetched 302 panels from PanelApp API.
2024-12-01 18:11:07 - INFO - Updated panel 3 from version 2.56 to version 4.0.
2024-12-01 18:11:07 - INFO - 3 --> {<sqlite3.Row object at 0x106ec9390>} added, {<sqlite3.Row object at 0x106ec9450>} removed.
2024-12-01 18:11:07 - INFO - Completed the panel update process.

2024-12-01 18:16:36 - INFO - Starting the panel update process.
2024-12-01 18:16:42 - INFO - Fetched 302 panels from PanelApp API.
2024-12-01 18:16:42 - INFO - Updated panel 3 from version 3.42 to version 4.0.
2024-12-01 18:16:42 - INFO - 3 --> [('HGNC:2186', 3)] added, [('HGNC:44444444', 1)] removed.
2024-12-01 18:16:42 - INFO - Completed the panel update process.

2024-12-01 19:08:14 - INFO - Starting the panel update process.
2024-12-01 19:08:20 - INFO - Fetched 302 panels from PanelApp API.
2024-12-01 19:08:45 - INFO - Starting the panel update process.
2024-12-01 19:08:50 - INFO - Fetched 302 panels from PanelApp API.
2024-12-01 19:08:51 - INFO - Updated panel 3 from version 0.115 to version 4.0.
2024-12-01 19:08:51 - INFO - 3 --> [('HGNC:2186', 3)] added, [('HGNC:44444444', 1)] removed.
2024-12-01 19:08:51 - INFO - Completed the panel update process.

2024-12-01 20:49:49 - INFO - Starting the panel update process.
2024-12-01 20:49:55 - INFO - Fetched 302 panels from PanelApp API.
2024-12-01 20:50:57 - INFO - Starting the panel update process.
2024-12-01 20:51:02 - INFO - Fetched 302 panels from PanelApp API.
2024-12-01 20:51:02 - INFO - 0 updates made.
2024-12-01 20:51:02 - INFO - Completed the panel update process.

2024-12-01 20:51:21 - INFO - Starting the panel update process.
2024-12-01 20:51:27 - INFO - Fetched 302 panels from PanelApp API.
2024-12-01 20:51:27 - INFO - 0 updates made.
2024-12-01 20:51:27 - INFO - Completed the panel update process.

2024-12-01 20:52:13 - INFO - Starting the panel update process.
2024-12-01 20:52:18 - INFO - Fetched 302 panels from PanelApp API.
2024-12-01 20:52:18 - INFO - 0 updates made.
2024-12-01 20:52:18 - INFO - Completed the panel update process.

2024-12-01 20:54:50 - INFO - Starting the panel update process.
2024-12-01 20:54:56 - INFO - Fetched 302 panels from PanelApp API.
2024-12-01 20:54:56 - INFO - Updated panel 3 from version 0.558 to version 4.0.
2024-12-01 20:56:32 - INFO - Starting the panel update process.
2024-12-01 20:56:38 - INFO - Fetched 302 panels from PanelApp API.
2024-12-01 20:56:38 - INFO - Updated panel 3 from version 0.362 to version 4.0.
2024-12-01 20:56:38 - INFO - 3 --> [('HGNC:2186', 3)] added, [('HGNC:44444444', 1)] removed.
2024-12-01 20:56:38 - INFO - Completed the panel update process.

2024-12-01 20:58:07 - INFO - Starting the panel update process.
2024-12-01 20:58:13 - INFO - Fetched 302 panels from PanelApp API.
2024-12-01 20:58:13 - INFO - 0 updates made.
2024-12-01 20:58:13 - INFO - Completed the panel update process.

2024-12-01 20:58:19 - INFO - Starting the panel update process.
2024-12-01 20:58:24 - INFO - Fetched 302 panels from PanelApp API.
2024-12-01 20:58:24 - INFO - Updated panel 3 from version 0.33 to version 4.0.
2024-12-01 20:58:24 - INFO - 3 --> [('HGNC:2186', 3)] added, [('HGNC:44444444', 1)] removed. Confidence changes: [('HGNC:2200', 2, 3)]
2024-12-01 20:58:24 - INFO - Completed the panel update process.

2024-12-01 21:14:23 - INFO - Starting the panel update process.
2024-12-01 21:14:29 - INFO - Fetched 302 panels from PanelApp API.
2024-12-01 21:14:29 - INFO - Updated panel 3 from version 0.932 to version 4.0.
2024-12-01 21:14:29 - INFO - 3 --> [('HGNC:2186', 3)] added, [('HGNC:44444444', 1)] removed. Confidence changes: [('HGNC:2200', 2, 3)]
2024-12-01 21:14:29 - INFO - Updated panel 9 from version 0.932 to version 4.5.
2024-12-01 21:14:29 - INFO - 9 --> [('HGNC:3424', 1)] added, [('HGNC:44444444', 1)] removed. Confidence changes: [('HGNC:5211', 2, 1)]
2024-12-01 21:14:29 - INFO - Completed the panel update process.

2024-12-02 11:32:21 - INFO - Starting the panel update process.
2024-12-02 11:32:26 - INFO - Fetched 302 panels from PanelApp API.
2024-12-02 11:32:26 - INFO - Updated panel 3 from version 0.321 to version 4.0.
2024-12-02 11:32:26 - INFO - 3 --> [('HGNC:2186', 3)] added, [('HGNC:44444444', 1)] removed. Confidence changes: [('HGNC:2200', 2, 3)]
2024-12-02 11:32:26 - INFO - Updated panel 9 from version 0.321 to version 4.5.
2024-12-02 11:32:26 - INFO - 9 --> [('HGNC:3424', 1)] added, [('HGNC:44444444', 1)] removed. Confidence changes: [('HGNC:5211', 2, 1)]
2024-12-02 11:32:26 - INFO - Completed the panel update process.

2024-12-02 11:52:49 - INFO - Starting the panel update process.
2024-12-02 11:52:55 - INFO - Fetched 302 panels from PanelApp API.
2024-12-02 11:52:55 - INFO - Updated panel 3 from version 0.12 to version 4.0.
2024-12-02 11:52:55 - INFO - 3 --> [('HGNC:2186', 3)] added, [('HGNC:44444444', 1)] removed. Confidence changes: [('HGNC:2200', 2, 3)]
2024-12-02 11:52:55 - INFO - Updated panel 9 from version 0.12 to version 4.5.
2024-12-02 11:52:55 - INFO - 9 --> [('HGNC:3424', 1)] added, [('HGNC:44444444', 1)] removed. Confidence changes: [('HGNC:5211', 2, 1)]
2024-12-02 11:52:55 - INFO - Completed the panel update process.

