2024-12-20 12:50:59,229 - VIMMO - INFO - Everything imported
2024-12-20 12:50:59,601 - VIMMO - INFO - Everything imported
2024-12-20 12:51:48,191 - VIMMO - INFO - Everything imported
2024-12-20 12:52:00,723 - VIMMO - INFO - Everything imported
2024-12-20 12:57:30,655 - VIMMO - INFO - Please log error
2024-12-20 12:58:16,644 - VIMMO - INFO - Please log error
2024-12-20 13:05:49,870 - VIMMO - INFO - Everything imported
2024-12-20 13:05:50,232 - VIMMO - INFO - Everything imported
2024-12-20 13:12:30,479 - VIMMO - CRITICAL - Everything imported
2024-12-20 13:12:30,852 - VIMMO - CRITICAL - Everything imported
2024-12-20 13:13:05,524 - VIMMO - INFO - Everything imported
2024-12-22 18:31:12,892 - VIMMO - INFO - Starting VIMMO
2024-12-22 18:31:12,892 - VIMMO - INFO - Shutting down VIMMO
2024-12-22 18:38:15,720 - VIMMO - INFO - Everything imported
2024-12-22 18:38:15,723 - VIMMO - INFO - Everything imported
2024-12-22 18:41:53,071 - VIMMO - INFO - Everything imported
2024-12-22 18:41:53,075 - VIMMO - INFO - Everything imported
2024-12-22 18:48:25,964 - VIMMO - INFO - Starting VIMMO
2024-12-22 18:48:25,964 - VIMMO - INFO - Shutting down VIMMO
2024-12-22 18:49:03,860 - VIMMO - INFO - Everything imported
2024-12-22 18:49:03,864 - VIMMO - INFO - Everything imported
2024-12-22 19:56:38,960 - VIMMO - INFO - Starting VIMMO
2024-12-22 19:56:38,960 - VIMMO - INFO - Shutting down VIMMO
2024-12-22 19:56:46,157 - VIMMO - INFO - Starting VIMMO
2024-12-22 19:56:46,157 - VIMMO - INFO - Shutting down VIMMO
2024-12-22 20:09:31,491 - VIMMO - INFO - Please log error
2024-12-22 20:10:10,777 - VIMMO - INFO - Please log error
2024-12-22 20:12:23,449 - VIMMO - INFO - Please log error
2024-12-22 21:55:36,414 - VIMMO - INFO - Please log error
2024-12-22 21:56:09,785 - VIMMO - INFO - Please log error
2024-12-22 21:57:56,143 - VIMMO - INFO - Please log error
2024-12-22 21:58:23,283 - VIMMO - INFO - Everything imported
2024-12-22 21:58:23,284 - VIMMO - INFO - Please log error
2024-12-22 22:07:04,509 - VIMMO - INFO - Please log error
2024-12-22 22:14:35,345 - VIMMO - INFO - Everything imported
2024-12-22 22:14:35,348 - VIMMO - INFO - Everything imported
2024-12-22 22:20:16,787 - VIMMO - INFO - Everything imported
2024-12-22 22:20:16,790 - VIMMO - INFO - Everything imported
